<?xml version="1.0" encoding="UTF-8"?>
<!-- Generated by org.testng.reporters.JUnitReportReporter -->
<testsuite hostname="DESKTOP-L5FLRLQ" name="P1.RestAssured_25_10_2021.Basics" tests="1" failures="0" timestamp="30 Jun 2022 08:25:15 GMT" time="41.953" errors="0">
  <testcase name="getPutPost" time="41.953" classname="P1.RestAssured_25_10_2021.Basics"/>
</testsuite> <!-- P1.RestAssured_25_10_2021.Basics -->
