<?xml version="1.0" encoding="UTF-8"?>
<!-- Generated by org.testng.reporters.JUnitReportReporter -->
<testsuite hostname="DESKTOP-L5FLRLQ" name="P1.RestAssured_25_10_2021.ComplexjsoParserMain" tests="1" failures="0" timestamp="2 Nov 2021 13:20:43 GMT" time="10.841" errors="0">
  <testcase name="parseComplexJson" time="10.841" classname="P1.RestAssured_25_10_2021.ComplexjsoParserMain"/>
</testsuite> <!-- P1.RestAssured_25_10_2021.ComplexjsoParserMain -->
